[rank: 0] Seed set to 42
GPU available: True (cuda), used: True
TPU available: False, using: 0 TPU cores
💡 Tip: For seamless cloud logging and experiment tracking, try installing [litlogger](https://pypi.org/project/litlogger/) to enable LitLogger, which logs metrics and artifacts automatically to the Lightning Experiments platform.
Initializing distributed: GLOBAL_RANK: 0, MEMBER: 1/2
Error executing job with overrides: []
Traceback (most recent call last):
  File "/scratch/midway3/khanhnd/Ezspeech/scripts/train.py", line 66, in main
    trainer.fit(model)
  File "/scratch/midway3/khanhnd/miniconda3/envs/ezspeech/lib/python3.12/site-packages/pytorch_lightning/trainer/trainer.py", line 584, in fit
    call._call_and_handle_interrupt(
  File "/scratch/midway3/khanhnd/miniconda3/envs/ezspeech/lib/python3.12/site-packages/pytorch_lightning/trainer/call.py", line 48, in _call_and_handle_interrupt
    return trainer.strategy.launcher.launch(trainer_fn, *args, trainer=trainer, **kwargs)
           ^^^^^^^^^^^^^^^^^^^^^^^^^^^^^^^^^^^^^^^^^^^^^^^^^^^^^^^^^^^^^^^^^^^^^^^^^^^^^^
  File "/scratch/midway3/khanhnd/miniconda3/envs/ezspeech/lib/python3.12/site-packages/pytorch_lightning/strategies/launchers/subprocess_script.py", line 105, in launch
    return function(*args, **kwargs)
           ^^^^^^^^^^^^^^^^^^^^^^^^^
  File "/scratch/midway3/khanhnd/miniconda3/envs/ezspeech/lib/python3.12/site-packages/pytorch_lightning/trainer/trainer.py", line 630, in _fit_impl
    self._run(model, ckpt_path=ckpt_path, weights_only=weights_only)
  File "/scratch/midway3/khanhnd/miniconda3/envs/ezspeech/lib/python3.12/site-packages/pytorch_lightning/trainer/trainer.py", line 1033, in _run
    self.strategy.setup_environment()
  File "/scratch/midway3/khanhnd/miniconda3/envs/ezspeech/lib/python3.12/site-packages/pytorch_lightning/strategies/ddp.py", line 155, in setup_environment
    self.setup_distributed()
  File "/scratch/midway3/khanhnd/miniconda3/envs/ezspeech/lib/python3.12/site-packages/pytorch_lightning/strategies/ddp.py", line 207, in setup_distributed
    _init_dist_connection(self.cluster_environment, self._process_group_backend, **kwargs)
  File "/scratch/midway3/khanhnd/miniconda3/envs/ezspeech/lib/python3.12/site-packages/lightning_fabric/utilities/distributed.py", line 283, in _init_dist_connection
    torch.distributed.init_process_group(torch_distributed_backend, rank=global_rank, world_size=world_size, **kwargs)
  File "/scratch/midway3/khanhnd/miniconda3/envs/ezspeech/lib/python3.12/site-packages/torch/distributed/c10d_logger.py", line 81, in wrapper
    return func(*args, **kwargs)
           ^^^^^^^^^^^^^^^^^^^^^
  File "/scratch/midway3/khanhnd/miniconda3/envs/ezspeech/lib/python3.12/site-packages/torch/distributed/c10d_logger.py", line 95, in wrapper
    func_return = func(*args, **kwargs)
                  ^^^^^^^^^^^^^^^^^^^^^
  File "/scratch/midway3/khanhnd/miniconda3/envs/ezspeech/lib/python3.12/site-packages/torch/distributed/distributed_c10d.py", line 1710, in init_process_group
    store, rank, world_size = next(rendezvous_iterator)
                              ^^^^^^^^^^^^^^^^^^^^^^^^^
  File "/scratch/midway3/khanhnd/miniconda3/envs/ezspeech/lib/python3.12/site-packages/torch/distributed/rendezvous.py", line 278, in _env_rendezvous_handler
    store = _create_c10d_store(
            ^^^^^^^^^^^^^^^^^^^
  File "/scratch/midway3/khanhnd/miniconda3/envs/ezspeech/lib/python3.12/site-packages/torch/distributed/rendezvous.py", line 198, in _create_c10d_store
    return TCPStore(
           ^^^^^^^^^
torch.distributed.DistStoreError: Timed out after 1801 seconds waiting for clients. 1/2 clients joined.

Set the environment variable HYDRA_FULL_ERROR=1 for a complete stack trace.
